Arguments: 
  D:\Programy\nodejs\node.exe E:\yarn\bin\yarn.js run build

PATH: 
  C:\Program Files\Git\mingw64\bin;C:\Program Files\Git\usr\bin;C:\Users\Wojtas\bin;C:\Program Files (x86)\Intel\iCLS Client;C:\Program Files\Intel\iCLS Client;C:\Windows\system32;C:\Windows;C:\Windows\System32\Wbem;C:\Windows\System32\WindowsPowerShell\v1.0;C:\Program Files (x86)\Intel\OpenCL SDK\2.0\bin\x86;C:\Program Files (x86)\Intel\OpenCL SDK\2.0\bin\x64;C:\Program Files\Intel\WiFi\bin;C:\Program Files\Common Files\Intel\WirelessCommon;C:\Program Files\Intel\Intel(R) Management Engine Components\DAL;C:\Program Files\Intel\Intel(R) Management Engine Components\IPT;C:\Program Files (x86)\Intel\Intel(R) Management Engine Components\DAL;C:\Program Files (x86)\Intel\Intel(R) Management Engine Components\IPT;C:\Program Files (x86)\NVIDIA Corporation\PhysX\Common;C:\Program Files\Git\cmd;C:\Program Files\Git\usr\bin;D:\Programy\nodejs;E:\yarn\bin;E:\jdk11\bin;C:\Users\Wojtas\AppData\Roaming\npm;C:\Users\Wojtas\AppData\Local\Yarn\bin

Yarn version: 
  1.22.0

Node version: 
  12.14.1

Platform: 
  win32 x64

Trace: 
  SyntaxError: E:\2048\package.json: Unexpected token } in JSON at position 531
      at JSON.parse (<anonymous>)
      at E:\yarn\lib\cli.js:1625:59
      at Generator.next (<anonymous>)
      at step (E:\yarn\lib\cli.js:310:30)
      at E:\yarn\lib\cli.js:321:13

npm manifest: 
  {
    "name": "2048",
    "version": "1.0.0",
    "main": "index.js",
    "license": "MIT",
    "devDependencies": {
      "@babel/core": "^7.9.0",
      "@babel/preset-env": "^7.9.5",
      "@babel/preset-react": "^7.9.4",
      "babel-loader": "^8.1.0",
      "html-loader": "^1.1.0",
      "html-webpack-plugin": "^4.2.0",
      "react": "^16.13.1",
      "react-dom": "^16.13.1",
      "webpack": "^4.42.1",
      "webpack-cli": "^3.3.11"
    },
    "scripts": {
      "start": "webpack-dev-server --mode development",
      "build": "webpack --mode production",
    }
  }

yarn manifest: 
  No manifest

Lockfile: 
  No lockfile
